c:\users\momen\source\repos\project1\project1\x64\debug\vc143.pdb
c:\users\momen\source\repos\project1\project1\x64\debug\.netframework,version=v4.7.2.assemblyattributes.obj
c:\users\momen\source\repos\project1\project1\x64\debug\suppliersform.obj
c:\users\momen\source\repos\project1\project1\x64\debug\main_form.obj
c:\users\momen\source\repos\project1\project1\x64\debug\customersform.obj
c:\users\momen\source\repos\project1\project1\x64\debug\chem_form.obj
c:\users\momen\source\repos\project1\x64\debug\project1.exe
c:\users\momen\source\repos\project1\x64\debug\project1.pdb
c:\users\momen\source\repos\project1\project1\x64\debug\project1.res
c:\users\momen\source\repos\project1\project1\x64\debug\project1.tlog\cl.command.1.tlog
c:\users\momen\source\repos\project1\project1\x64\debug\project1.tlog\cl.items.tlog
c:\users\momen\source\repos\project1\project1\x64\debug\project1.tlog\cl.read.1.tlog
c:\users\momen\source\repos\project1\project1\x64\debug\project1.tlog\cl.write.1.tlog
c:\users\momen\source\repos\project1\project1\x64\debug\project1.tlog\link.command.1.tlog
c:\users\momen\source\repos\project1\project1\x64\debug\project1.tlog\link.read.1.tlog
c:\users\momen\source\repos\project1\project1\x64\debug\project1.tlog\link.write.1.tlog
c:\users\momen\source\repos\project1\project1\x64\debug\project1.tlog\metagen.read.1.tlog
c:\users\momen\source\repos\project1\project1\x64\debug\project1.tlog\metagen.write.1.tlog
c:\users\momen\source\repos\project1\project1\x64\debug\project1.tlog\rc.command.1.tlog
c:\users\momen\source\repos\project1\project1\x64\debug\project1.tlog\rc.read.1.tlog
c:\users\momen\source\repos\project1\project1\x64\debug\project1.tlog\rc.write.1.tlog
c:\users\momen\source\repos\project1\project1\x64\debug\project1.tlog\resgen.command.1.tlog
c:\users\momen\source\repos\project1\project1\x64\debug\project1.tlog\resgen.read.1.tlog
c:\users\momen\source\repos\project1\project1\x64\debug\project1.tlog\resgen.write.1.tlog
